Unsupposrted library path: C:\Users\Xrain\Desktop\MoreCows\build\classes\java\api
Unsupposrted library path: C:\Users\Xrain\Desktop\MoreCows\build\resources\api
Symbol range map extraction starting
Processing 214 files
startProcessing "com/momo/morecows/IdlFramework.java" md5: 2ebcc1061815db4daada080a6f47fef9
endProcessing "com/momo/morecows/IdlFramework.java"

startProcessing "com/momo/morecows/blocks/BlockBase.java" md5: 4bb65493c2a28d89cb83440fcf998c80
endProcessing "com/momo/morecows/blocks/BlockBase.java"

startProcessing "com/momo/morecows/blocks/Machine/MachineBase.java" md5: 988db7f9de8523192e75715922b91871
endProcessing "com/momo/morecows/blocks/Machine/MachineBase.java"

startProcessing "com/momo/morecows/blocks/Machine/MilkWorkshop.java" md5: dc76a7a9950a8a6cf3491bb6a47d3281
endProcessing "com/momo/morecows/blocks/Machine/MilkWorkshop.java"

startProcessing "com/momo/morecows/blocks/ModBlocks.java" md5: 6fd7587b3a468ce0c65509b78e328161
endProcessing "com/momo/morecows/blocks/ModBlocks.java"

startProcessing "com/momo/morecows/blocks/blockBush/BlockPlant.java" md5: 1ea79c695eec1c3a230d7746e197b098
endProcessing "com/momo/morecows/blocks/blockBush/BlockPlant.java"

startProcessing "com/momo/morecows/blocks/blockMoroon/BlockMoroonBase.java" md5: 0ddb6802317532dc7af9b82bb7f455f2
endProcessing "com/momo/morecows/blocks/blockMoroon/BlockMoroonBase.java"

startProcessing "com/momo/morecows/blocks/tileEntity/builder/TileEntityBuilderBase.java" md5: 36601454810b5bf719e1d56bf8de374c
endProcessing "com/momo/morecows/blocks/tileEntity/builder/TileEntityBuilderBase.java"

startProcessing "com/momo/morecows/blocks/tileEntity/builder/TileEntityBuilderOne.java" md5: 4a0822bbf2b2ad66b2155ba9d7ed899d
endProcessing "com/momo/morecows/blocks/tileEntity/builder/TileEntityBuilderOne.java"

startProcessing "com/momo/morecows/blocks/tileEntity/builder/builderAction/BuilderActionBase.java" md5: 7efddc84205f6f80176a9c926d7b976c
endProcessing "com/momo/morecows/blocks/tileEntity/builder/builderAction/BuilderActionBase.java"

startProcessing "com/momo/morecows/blocks/tileEntity/builder/builderAction/BuilderActionBlock.java" md5: 483bc6f1e8c1c07deec96c7e7fc820cb
endProcessing "com/momo/morecows/blocks/tileEntity/builder/builderAction/BuilderActionBlock.java"

startProcessing "com/momo/morecows/blocks/tileEntity/builder/builderAction/BuilderActionBlockBrutal.java" md5: 2997ebcd09484e9c8a3fac3f2665c29b
endProcessing "com/momo/morecows/blocks/tileEntity/builder/builderAction/BuilderActionBlockBrutal.java"

startProcessing "com/momo/morecows/blocks/tileEntity/builder/builderAction/BuilderActionBlockSafe.java" md5: 5afef9dd3b127faeaf8a86a12bc9396b
endProcessing "com/momo/morecows/blocks/tileEntity/builder/builderAction/BuilderActionBlockSafe.java"

startProcessing "com/momo/morecows/blocks/tileEntity/builder/builderAction/BuilderActionSummonEntity.java" md5: e9d5202d30ba48689e1c4e20c239b30f
endProcessing "com/momo/morecows/blocks/tileEntity/builder/builderAction/BuilderActionSummonEntity.java"

startProcessing "com/momo/morecows/blocks/tileEntity/orbs/TileEntityDeArrowOrb.java" md5: afdd4c944174a549c4d18c93c6f664c9
endProcessing "com/momo/morecows/blocks/tileEntity/orbs/TileEntityDeArrowOrb.java"

startProcessing "com/momo/morecows/blocks/tileEntity/orbs/TileEntityDeBoomOrb.java" md5: b8d85602cb1bf389c4838a4c73d76639
endProcessing "com/momo/morecows/blocks/tileEntity/orbs/TileEntityDeBoomOrb.java"

startProcessing "com/momo/morecows/blocks/tileEntity/orbs/TileEntityEarthMender.java" md5: 23c2b91abb2d1a5bbd00c2c6a10d109b
endProcessing "com/momo/morecows/blocks/tileEntity/orbs/TileEntityEarthMender.java"

startProcessing "com/momo/morecows/blocks/tileEntity/orbs/TileEntityNullifyOrb.java" md5: efcdb2324bc6dcec0a936cd7ff1819ba
endProcessing "com/momo/morecows/blocks/tileEntity/orbs/TileEntityNullifyOrb.java"

startProcessing "com/momo/morecows/blocks/tileEntity/orbs/TileEntityNullifyOrbMor.java" md5: adeccd77e80f7db887884ac9e2730448
endProcessing "com/momo/morecows/blocks/tileEntity/orbs/TileEntityNullifyOrbMor.java"

startProcessing "com/momo/morecows/blocks/tileEntity/orbs/TileEntityOrbBase.java" md5: 2d2f23ab4260df7fa2618cc1a0b27634
endProcessing "com/momo/morecows/blocks/tileEntity/orbs/TileEntityOrbBase.java"

startProcessing "com/momo/morecows/command/CommandDimTeleport.java" md5: 1208047ee9f9dd2c367cd44c2e86d858
endProcessing "com/momo/morecows/command/CommandDimTeleport.java"

startProcessing "com/momo/morecows/command/ModCommands.java" md5: e3b30b416b3af75118b42f37e23d2640
endProcessing "com/momo/morecows/command/ModCommands.java"

startProcessing "com/momo/morecows/enchantments/EnchantmentHoly.java" md5: c87c16493d06803d35fd0c49b5a526f8
endProcessing "com/momo/morecows/enchantments/EnchantmentHoly.java"

startProcessing "com/momo/morecows/enchantments/EnchantmentHolyStrike.java" md5: ced3a4bf38753268980c5bbe2e83a403
endProcessing "com/momo/morecows/enchantments/EnchantmentHolyStrike.java"

startProcessing "com/momo/morecows/enchantments/ModEnchantmentBase.java" md5: d4b7e716624cce8ea2a403e951e47168
endProcessing "com/momo/morecows/enchantments/ModEnchantmentBase.java"

startProcessing "com/momo/morecows/enchantments/ModEnchantments.java" md5: 3c7542a463918874b5bf157ff12b214e
endProcessing "com/momo/morecows/enchantments/ModEnchantments.java"

startProcessing "com/momo/morecows/entity/BuildingCore.java" md5: 842361de47d84aa0dd0ef8098d561b97
endProcessing "com/momo/morecows/entity/BuildingCore.java"

startProcessing "com/momo/morecows/entity/ModEntityInit.java" md5: 58a7d64806e1ad24b4c78b33c545bc63
endProcessing "com/momo/morecows/entity/ModEntityInit.java"

startProcessing "com/momo/morecows/entity/RenderHandler.java" md5: 31e77c74aec9dbdd9b5d22c5eeafbf25
endProcessing "com/momo/morecows/entity/RenderHandler.java"

startProcessing "com/momo/morecows/entity/creatures/EntityModUnit.java" md5: 85d21827cfc06b3f87c02b13ce2f80ed
endProcessing "com/momo/morecows/entity/creatures/EntityModUnit.java"

startProcessing "com/momo/morecows/entity/creatures/ai/BulletMode.java" md5: 0c1da5023b8caedcf8ce178dfeaa8d6a
endProcessing "com/momo/morecows/entity/creatures/ai/BulletMode.java"

startProcessing "com/momo/morecows/entity/creatures/ai/EntityAIAttackRangedSniper.java" md5: ac2ddbb7dffb71847387707f7ee817a4
endProcessing "com/momo/morecows/entity/creatures/ai/EntityAIAttackRangedSniper.java"

startProcessing "com/momo/morecows/entity/creatures/ai/EntityAIBulletAttack.java" md5: 7bf324443a74f738e72b4eb3d01e90bd
endProcessing "com/momo/morecows/entity/creatures/ai/EntityAIBulletAttack.java"

startProcessing "com/momo/morecows/entity/creatures/ai/EntityAIStrafeRangedAttack.java" md5: 2bbe22b6b828d3185b928f5fb5901308
endProcessing "com/momo/morecows/entity/creatures/ai/EntityAIStrafeRangedAttack.java"

startProcessing "com/momo/morecows/entity/creatures/ai/EntityAITurretAttack.java" md5: 7be68bcb81c54452124f21d76c45bd1e
endProcessing "com/momo/morecows/entity/creatures/ai/EntityAITurretAttack.java"

startProcessing "com/momo/morecows/entity/creatures/ai/RangedAttackArguments.java" md5: 34bd2674016683ebb618ddca9a1cc440
endProcessing "com/momo/morecows/entity/creatures/ai/RangedAttackArguments.java"

startProcessing "com/momo/morecows/entity/creatures/buildings/EntityIdlBuildingBase.java" md5: d9c6656771d654fa3163ed62dcb74848
endProcessing "com/momo/morecows/entity/creatures/buildings/EntityIdlBuildingBase.java"

startProcessing "com/momo/morecows/entity/creatures/buildings/EntityIdlBuildingRoom.java" md5: cab75c08ae2e007a7ef192a5df978517
endProcessing "com/momo/morecows/entity/creatures/buildings/EntityIdlBuildingRoom.java"

startProcessing "com/momo/morecows/entity/creatures/ideallandTeam/EntityIdeallandUnitBase.java" md5: 2586b455bdb6a4268c341e1be54c6349
endProcessing "com/momo/morecows/entity/creatures/ideallandTeam/EntityIdeallandUnitBase.java"

startProcessing "com/momo/morecows/entity/creatures/misc/EntityBeefroot.java" md5: 0afcb1c13099599db5b119c74136fce4
endProcessing "com/momo/morecows/entity/creatures/misc/EntityBeefroot.java"

startProcessing "com/momo/morecows/entity/creatures/misc/EntityLavaCow.java" md5: 88deb29d331774b8ada84be5b7208d7e
endProcessing "com/momo/morecows/entity/creatures/misc/EntityLavaCow.java"

startProcessing "com/momo/morecows/entity/creatures/misc/EntityModCow.java" md5: 311ae7eb79117f0ff19cbbf4d580e7e8
endProcessing "com/momo/morecows/entity/creatures/misc/EntityModCow.java"

startProcessing "com/momo/morecows/entity/creatures/misc/EntitySkeletonCow.java" md5: ecea87ea9203e1d249ad780dc904f74c
endProcessing "com/momo/morecows/entity/creatures/misc/EntitySkeletonCow.java"

startProcessing "com/momo/morecows/entity/creatures/misc/EntityWaterCow.java" md5: f64ba54820fb3b834ed45f43f9dedf3e
endProcessing "com/momo/morecows/entity/creatures/misc/EntityWaterCow.java"

startProcessing "com/momo/morecows/entity/creatures/misc/EntityZombieCow.java" md5: 463198a96cbc62f81efee3b807f66fe1
endProcessing "com/momo/morecows/entity/creatures/misc/EntityZombieCow.java"

startProcessing "com/momo/morecows/entity/creatures/render/LayerBeefrootBeetroot.java" md5: 676b8156a3456136c4bec604ac126108
endProcessing "com/momo/morecows/entity/creatures/render/LayerBeefrootBeetroot.java"

startProcessing "com/momo/morecows/entity/creatures/render/RenderBeefroot.java" md5: 2935e9b1412a4cc000eb2050e55f0810
endProcessing "com/momo/morecows/entity/creatures/render/RenderBeefroot.java"

startProcessing "com/momo/morecows/entity/creatures/render/RenderLavaCow.java" md5: 1b985a3bf1348eb2d9b375f2b197cf7d
endProcessing "com/momo/morecows/entity/creatures/render/RenderLavaCow.java"

startProcessing "com/momo/morecows/entity/creatures/render/RenderSkeletonCow.java" md5: 00a63a08c7571c2340cf71f83a6605d2
endProcessing "com/momo/morecows/entity/creatures/render/RenderSkeletonCow.java"

startProcessing "com/momo/morecows/entity/creatures/render/RenderWaterCow.java" md5: b767a2d06d5bd8408a1bc6580894d856
endProcessing "com/momo/morecows/entity/creatures/render/RenderWaterCow.java"

startProcessing "com/momo/morecows/entity/creatures/render/RenderZombieCow.java" md5: 2bee751c530bc9ca9ce58b49a178cac2
endProcessing "com/momo/morecows/entity/creatures/render/RenderZombieCow.java"

startProcessing "com/momo/morecows/entity/tiles/EntityIdlProjectile.java" md5: f223450a49c8a1c60c0d82ccda842180
endProcessing "com/momo/morecows/entity/tiles/EntityIdlProjectile.java"

startProcessing "com/momo/morecows/entity/tiles/EntityMilkBall.java" md5: b7127c1551931b2050df3e58d7040869
endProcessing "com/momo/morecows/entity/tiles/EntityMilkBall.java"

startProcessing "com/momo/morecows/entity/tiles/ProjectileArgs.java" md5: cc2f37ce81dcf4a6229f2d8f2b2f160c
endProcessing "com/momo/morecows/entity/tiles/ProjectileArgs.java"

startProcessing "com/momo/morecows/entity/tiles/blockTiles/TileEntityMilkWorkshop.java" md5: 9e635721058bb99633423bf2000e3bdd
endProcessing "com/momo/morecows/entity/tiles/blockTiles/TileEntityMilkWorkshop.java"

startProcessing "com/momo/morecows/events/AddedEntityDrop.java" md5: 1c47561572b206dcb225e89d28c16498
endProcessing "com/momo/morecows/events/AddedEntityDrop.java"

startProcessing "com/momo/morecows/events/CowTransform.java" md5: 9eeafaf4577ad3ed86e89ed9682e44aa
endProcessing "com/momo/morecows/events/CowTransform.java"

startProcessing "com/momo/morecows/events/EnchantmentsEvent.java" md5: 8ae9dc1e6f9670b5616cddcf8600465e
endProcessing "com/momo/morecows/events/EnchantmentsEvent.java"

startProcessing "com/momo/morecows/events/InstantGrowth.java" md5: fb5bb329fcec4466c352dbeb596220e7
endProcessing "com/momo/morecows/events/InstantGrowth.java"

startProcessing "com/momo/morecows/events/ModStarterEvents.java" md5: 41be5a75d9d7dc82d74d3822c8256d3a
endProcessing "com/momo/morecows/events/ModStarterEvents.java"

startProcessing "com/momo/morecows/init/InitBiome.java" md5: 29e8e519765c65d7c248149c09424a74
endProcessing "com/momo/morecows/init/InitBiome.java"

startProcessing "com/momo/morecows/init/InitDimension.java" md5: 24ecedebecd665892ca640d83baa60ee
endProcessing "com/momo/morecows/init/InitDimension.java"

startProcessing "com/momo/morecows/init/ModAchivements.java" md5: 4d7eb55e55abdcfe76dee033a6b32ee5
endProcessing "com/momo/morecows/init/ModAchivements.java"

startProcessing "com/momo/morecows/init/ModAnvilEvents.java" md5: 59c64c02267e8bb5f5f7546d9cc5bb3a
endProcessing "com/momo/morecows/init/ModAnvilEvents.java"

startProcessing "com/momo/morecows/init/ModConfig.java" md5: 2885c23c5396832ee487a7686210f4c0
endProcessing "com/momo/morecows/init/ModConfig.java"

startProcessing "com/momo/morecows/init/ModCreativeTab.java" md5: 2b318fc10e4eb045fed60c62ab4f45d2
endProcessing "com/momo/morecows/init/ModCreativeTab.java"

startProcessing "com/momo/morecows/init/ModLootList.java" md5: a48fbe86183050c7334e7ba4406f5a10
endProcessing "com/momo/morecows/init/ModLootList.java"

startProcessing "com/momo/morecows/init/ModRecipes.java" md5: 21e02d704fda98d64c54175f00d780ac
endProcessing "com/momo/morecows/init/ModRecipes.java"

startProcessing "com/momo/morecows/init/ModSpawn.java" md5: 191a2ae589b790dc99e273d5b3c34f09
endProcessing "com/momo/morecows/init/ModSpawn.java"

startProcessing "com/momo/morecows/init/RegistryHandler.java" md5: f95df10d32ec12ca5b1ee59976528c91
endProcessing "com/momo/morecows/init/RegistryHandler.java"

startProcessing "com/momo/morecows/item/IGuaEnhance.java" md5: a00160a4375bca2fd0d7a73860956c33
endProcessing "com/momo/morecows/item/IGuaEnhance.java"

startProcessing "com/momo/morecows/item/ItemAdaptingBase.java" md5: cd903a66650f48a622c3cbc120f55530
endProcessing "com/momo/morecows/item/ItemAdaptingBase.java"

startProcessing "com/momo/morecows/item/ItemBase.java" md5: c4011830c9f91e200f7ab2b1d9beb555
endProcessing "com/momo/morecows/item/ItemBase.java"

startProcessing "com/momo/morecows/item/ItemDebug.java" md5: 69990fe9cc4985ae24c56d76295a686c
endProcessing "com/momo/morecows/item/ItemDebug.java"

startProcessing "com/momo/morecows/item/ModItems.java" md5: 321274e1243d1e3fb6934b2f966db0f9
endProcessing "com/momo/morecows/item/ModItems.java"

startProcessing "com/momo/morecows/item/armorMaterials/ModArmorMaterial.java" md5: 225fc2798e8a99f088dbc623db28ab48
endProcessing "com/momo/morecows/item/armorMaterials/ModArmorMaterial.java"

startProcessing "com/momo/morecows/item/armor/ItemArmorBase.java" md5: f8026c663779180e2ba81b56623a67aa
endProcessing "com/momo/morecows/item/armor/ItemArmorBase.java"

startProcessing "com/momo/morecows/item/armor/ItemArmorLivingMetalBase.java" md5: 84d1098c6f43a09c054fbf445d67fb04
endProcessing "com/momo/morecows/item/armor/ItemArmorLivingMetalBase.java"

startProcessing "com/momo/morecows/item/consumables/ItemConsumableBase.java" md5: 0004a4fa3c2b3cbddabe73670f0675a6
endProcessing "com/momo/morecows/item/consumables/ItemConsumableBase.java"

startProcessing "com/momo/morecows/item/consumables/ItemFightBread.java" md5: a8a494025e9e88477d17ea7393e9091e
endProcessing "com/momo/morecows/item/consumables/ItemFightBread.java"

startProcessing "com/momo/morecows/item/consumables/ItemLevelUpBadge.java" md5: adf08fe7f9d12f35c1e565010cbdf7d8
endProcessing "com/momo/morecows/item/consumables/ItemLevelUpBadge.java"

startProcessing "com/momo/morecows/item/consumables/ItemPowerUpModular.java" md5: 2691906200c9eb5ad2de4cec217fd46c
endProcessing "com/momo/morecows/item/consumables/ItemPowerUpModular.java"

startProcessing "com/momo/morecows/item/consumables/ItemPowerUpModularPercent.java" md5: d9a64aa32ca1cc7dbe5f8c80bd361867
endProcessing "com/momo/morecows/item/consumables/ItemPowerUpModularPercent.java"

startProcessing "com/momo/morecows/item/consumables/ItemRainCall.java" md5: f4ab7460139add92891f73aaf5328fc6
endProcessing "com/momo/morecows/item/consumables/ItemRainCall.java"

startProcessing "com/momo/morecows/item/consumables/autoConsume/ItemAutoConsumeBase.java" md5: f91c2e1371b532630db34777f21c261b
endProcessing "com/momo/morecows/item/consumables/autoConsume/ItemAutoConsumeBase.java"

startProcessing "com/momo/morecows/item/consumables/autoConsume/ItemAutoConsumeHeal.java" md5: 4b58dc89b3dd80e404d788a0bfe66a2d
endProcessing "com/momo/morecows/item/consumables/autoConsume/ItemAutoConsumeHeal.java"

startProcessing "com/momo/morecows/item/food/ItemCheese.java" md5: c82ed9649e5c66b2499b5473054c6b1a
endProcessing "com/momo/morecows/item/food/ItemCheese.java"

startProcessing "com/momo/morecows/item/food/ItemDrinkBase.java" md5: bb114dd5239b3f4a455d7d74e78055b5
    Compile Error! Pb(390) The import javafx cannot be resolved
endProcessing "com/momo/morecows/item/food/ItemDrinkBase.java"

startProcessing "com/momo/morecows/item/food/ItemFoodBase.java" md5: 18b08383ae8b2c3ecd767dbb27b98b6a
endProcessing "com/momo/morecows/item/food/ItemFoodBase.java"

startProcessing "com/momo/morecows/item/food/ItemRottenCheese.java" md5: 57a984ab50522aa31a8b2f1c102211dc
endProcessing "com/momo/morecows/item/food/ItemRottenCheese.java"

startProcessing "com/momo/morecows/item/goblet/ItemDigGoblet.java" md5: a6f7cc091f61f9e331030ca0cf5576b9
endProcessing "com/momo/morecows/item/goblet/ItemDigGoblet.java"

startProcessing "com/momo/morecows/item/goblet/ItemFlameGoblet.java" md5: 318e2d699e5c69ad4d4d171ebf014eb1
endProcessing "com/momo/morecows/item/goblet/ItemFlameGoblet.java"

startProcessing "com/momo/morecows/item/goblet/ItemGobletBase.java" md5: 912fdeb8f98075f14376e418a712dcf2
endProcessing "com/momo/morecows/item/goblet/ItemGobletBase.java"

startProcessing "com/momo/morecows/item/goblet/ItemHealGoblet.java" md5: b16b2978b0d5e0c362af136784359fcf
endProcessing "com/momo/morecows/item/goblet/ItemHealGoblet.java"

startProcessing "com/momo/morecows/item/goblet/ItemKnockBackGoblet.java" md5: 99f8aaa13148230bb06b8c117732f54a
endProcessing "com/momo/morecows/item/goblet/ItemKnockBackGoblet.java"

startProcessing "com/momo/morecows/item/goblet/ItemP2WGoblet.java" md5: d5dc437b818a4f1173c34e8b314998a2
endProcessing "com/momo/morecows/item/goblet/ItemP2WGoblet.java"

startProcessing "com/momo/morecows/item/goblet/ItemWaterGoblet.java" md5: ef71e0d1e5fa8bc686b0ef6b79441def
endProcessing "com/momo/morecows/item/goblet/ItemWaterGoblet.java"

startProcessing "com/momo/morecows/item/misc/ItemAttrMeasure.java" md5: 696f76d79d87280a72078f732aa53c99
endProcessing "com/momo/morecows/item/misc/ItemAttrMeasure.java"

startProcessing "com/momo/morecows/item/misc/ItemBasicBinary.java" md5: aae839fc7d7a56adcb5ca4b1de4b43f6
endProcessing "com/momo/morecows/item/misc/ItemBasicBinary.java"

startProcessing "com/momo/morecows/item/misc/ItemBasicGua.java" md5: 5c572b79699e214abc449ee82e9f2bc9
endProcessing "com/momo/morecows/item/misc/ItemBasicGua.java"

startProcessing "com/momo/morecows/item/misc/ItemKinshipSword.java" md5: 0355e715210959c53d1ce6157dc13c70
endProcessing "com/momo/morecows/item/misc/ItemKinshipSword.java"

startProcessing "com/momo/morecows/item/misc/ItemNanoMender.java" md5: bc1f16a237c603480f7312f45402b568
endProcessing "com/momo/morecows/item/misc/ItemNanoMender.java"

startProcessing "com/momo/morecows/item/misc/ItemPackage.java" md5: fcd205c937c7e148c0e232084f29a27e
endProcessing "com/momo/morecows/item/misc/ItemPackage.java"

startProcessing "com/momo/morecows/item/misc/ItemSpaceAnchor.java" md5: 645c8d12bdd511888be0bfb127e8ddc0
endProcessing "com/momo/morecows/item/misc/ItemSpaceAnchor.java"

startProcessing "com/momo/morecows/item/misc/ItemSummon.java" md5: 5660291ec974c885124e259d8066ebae
endProcessing "com/momo/morecows/item/misc/ItemSummon.java"

startProcessing "com/momo/morecows/item/misc/ItemYiJianMei.java" md5: ac6796581f78b0297e9818cb4c0cb497
endProcessing "com/momo/morecows/item/misc/ItemYiJianMei.java"

startProcessing "com/momo/morecows/item/misc/armor/ItemArmorUnderfootGeta.java" md5: 8c9cc99657698e301df20481bc3a1a2f
endProcessing "com/momo/morecows/item/misc/armor/ItemArmorUnderfootGeta.java"

startProcessing "com/momo/morecows/item/misc/armor/ItemArmorXieGeta.java" md5: 33740fde3731adab57d2198721e599c0
endProcessing "com/momo/morecows/item/misc/armor/ItemArmorXieGeta.java"

startProcessing "com/momo/morecows/item/potions/ModPotionType.java" md5: 690b70d67d857308c901f64639fed062
endProcessing "com/momo/morecows/item/potions/ModPotionType.java"

startProcessing "com/momo/morecows/item/potions/PotionTypeBase.java" md5: 9b73a23ca0d61c99db2ff3facf7ff671
endProcessing "com/momo/morecows/item/potions/PotionTypeBase.java"

startProcessing "com/momo/morecows/item/skills/ItemCreatureRadar.java" md5: 11c68fe49bbbf1e457b0815b633f77a3
endProcessing "com/momo/morecows/item/skills/ItemCreatureRadar.java"

startProcessing "com/momo/morecows/item/skills/ItemHateDetector.java" md5: dcaaa16df326d27b7a4eb0243513e9f0
endProcessing "com/momo/morecows/item/skills/ItemHateDetector.java"

startProcessing "com/momo/morecows/item/skills/ItemMirrorWork.java" md5: aff6d66fdfc93a1fa4f8deb289147a87
endProcessing "com/momo/morecows/item/skills/ItemMirrorWork.java"

startProcessing "com/momo/morecows/item/skills/ItemSkillAquireItems.java" md5: 559f875f83f56bac0cae662202583e21
endProcessing "com/momo/morecows/item/skills/ItemSkillAquireItems.java"

startProcessing "com/momo/morecows/item/skills/ItemSkillAttackBoost.java" md5: 151f5c3038bd9eb6af72d44a63713508
endProcessing "com/momo/morecows/item/skills/ItemSkillAttackBoost.java"

startProcessing "com/momo/morecows/item/skills/ItemSkillBase.java" md5: cb9dd4146524841207654ad6e2dc9119
endProcessing "com/momo/morecows/item/skills/ItemSkillBase.java"

startProcessing "com/momo/morecows/item/skills/ItemSkillBlessedArmor.java" md5: 3e8a9d81039884682dcb3cd06169a114
endProcessing "com/momo/morecows/item/skills/ItemSkillBlessedArmor.java"

startProcessing "com/momo/morecows/item/skills/ItemSkillBulletStrike.java" md5: f90ed2dee3462fb619a1ecb6a7d56cdc
endProcessing "com/momo/morecows/item/skills/ItemSkillBulletStrike.java"

startProcessing "com/momo/morecows/item/skills/ItemSkillCloneBlock.java" md5: ff0ba26a3a920a96a63e4b1f24e80140
endProcessing "com/momo/morecows/item/skills/ItemSkillCloneBlock.java"

startProcessing "com/momo/morecows/item/skills/ItemSkillCloneEgg.java" md5: 30904048a603595476d9bc7942bbe4c9
endProcessing "com/momo/morecows/item/skills/ItemSkillCloneEgg.java"

startProcessing "com/momo/morecows/item/skills/ItemSkillDecodeItem.java" md5: f4416ecfa9823113c11b8d3769e8daa7
endProcessing "com/momo/morecows/item/skills/ItemSkillDecodeItem.java"

startProcessing "com/momo/morecows/item/skills/ItemSkillExperienceDamageAbsorption.java" md5: 96e7b820c7427108328995516f1a814f
endProcessing "com/momo/morecows/item/skills/ItemSkillExperienceDamageAbsorption.java"

startProcessing "com/momo/morecows/item/skills/ItemSkillExperiencePrideShield.java" md5: bfddc9c277244a4e7aeed1862b78c10e
endProcessing "com/momo/morecows/item/skills/ItemSkillExperiencePrideShield.java"

startProcessing "com/momo/morecows/item/skills/ItemSkillExperienceStrike.java" md5: af0eadec767a74d7f5c54b088d1c241c
endProcessing "com/momo/morecows/item/skills/ItemSkillExperienceStrike.java"

startProcessing "com/momo/morecows/item/skills/ItemSkillFireBall.java" md5: bbefdce53bbadecb4f611588049c5c44
endProcessing "com/momo/morecows/item/skills/ItemSkillFireBall.java"

startProcessing "com/momo/morecows/item/skills/ItemSkillFireBlast.java" md5: 16452e1e3efd1c0812e8465564e6e4bb
endProcessing "com/momo/morecows/item/skills/ItemSkillFireBlast.java"

startProcessing "com/momo/morecows/item/skills/ItemSkillGambit.java" md5: 7b08483df6093da3bd4b53e2efbf8097
endProcessing "com/momo/morecows/item/skills/ItemSkillGambit.java"

startProcessing "com/momo/morecows/item/skills/ItemSkillModListStrike.java" md5: 26e345e2c9d3ba4149ae68f1cc3f637f
endProcessing "com/momo/morecows/item/skills/ItemSkillModListStrike.java"

startProcessing "com/momo/morecows/item/skills/ItemSkillRepairArmor.java" md5: e0456871c58f98db8c3de38f3dcc71d3
endProcessing "com/momo/morecows/item/skills/ItemSkillRepairArmor.java"

startProcessing "com/momo/morecows/item/skills/ItemSkillSacrifce2020.java" md5: 759ff98aa72d014b7ebfcffb1bd55913
endProcessing "com/momo/morecows/item/skills/ItemSkillSacrifce2020.java"

startProcessing "com/momo/morecows/item/skills/ItemSkillSheepTransform.java" md5: 12530a550c36e007c08b47c85d64b1a8
endProcessing "com/momo/morecows/item/skills/ItemSkillSheepTransform.java"

startProcessing "com/momo/morecows/item/skills/ItemSkillTauntNearby.java" md5: c80f0931033182b339edfa36e20a8bc3
endProcessing "com/momo/morecows/item/skills/ItemSkillTauntNearby.java"

startProcessing "com/momo/morecows/item/skills/ItemSkillTauntNearbyToGiven.java" md5: f86ee7eff5a763530e077ef03bea6c58
endProcessing "com/momo/morecows/item/skills/ItemSkillTauntNearbyToGiven.java"

startProcessing "com/momo/morecows/item/skills/ItemSkillThunderFall.java" md5: e9fbc60065b1ea879dbc3d84a696c096
endProcessing "com/momo/morecows/item/skills/ItemSkillThunderFall.java"

startProcessing "com/momo/morecows/item/skills/ItemSkillTimeCutFixed.java" md5: 1934e9326036c06a064d5ef4ee183bd7
endProcessing "com/momo/morecows/item/skills/ItemSkillTimeCutFixed.java"

startProcessing "com/momo/morecows/item/skills/ItemSkillTimeCutPercent.java" md5: 930d4f6f6c553df80dfabf9e7bfdc17b
endProcessing "com/momo/morecows/item/skills/ItemSkillTimeCutPercent.java"

startProcessing "com/momo/morecows/item/skills/ItemSkillVanquishWeak.java" md5: dc846394f67a76b36668a75a0ae8cc71
endProcessing "com/momo/morecows/item/skills/ItemSkillVanquishWeak.java"

startProcessing "com/momo/morecows/item/skills/ItemSkillWindWalk.java" md5: 6b00130f7058e78488d6501ffef9c3ac
endProcessing "com/momo/morecows/item/skills/ItemSkillWindWalk.java"

startProcessing "com/momo/morecows/item/skills/arknights/ItemArknightsSkillBase.java" md5: bcfd178e49bd00c569ecb7a1cdfdee9a
endProcessing "com/momo/morecows/item/skills/arknights/ItemArknightsSkillBase.java"

startProcessing "com/momo/morecows/item/skills/arknights/ItemSkillTrueSL.java" md5: 5a48a85e2cf7680d75fa73065d3b3a6a
endProcessing "com/momo/morecows/item/skills/arknights/ItemSkillTrueSL.java"

startProcessing "com/momo/morecows/item/skills/arrowrain/ItemSkillArrowRainBase.java" md5: 81d0158ee91e9f6052abe0b6482f3e99
endProcessing "com/momo/morecows/item/skills/arrowrain/ItemSkillArrowRainBase.java"

startProcessing "com/momo/morecows/item/skills/martial/BuffTuple.java" md5: 5a5ad3e98379f934f77dd856c0e6924d
endProcessing "com/momo/morecows/item/skills/martial/BuffTuple.java"

startProcessing "com/momo/morecows/item/skills/martial/ItemSkillGuaPalm.java" md5: 2e5c746836f6dae3aed791787264a268
endProcessing "com/momo/morecows/item/skills/martial/ItemSkillGuaPalm.java"

startProcessing "com/momo/morecows/item/skills/martial/ItemSkillMartialAttack.java" md5: 75ace4753d8182b9d7ef84d4552430fc
endProcessing "com/momo/morecows/item/skills/martial/ItemSkillMartialAttack.java"

startProcessing "com/momo/morecows/item/tools/ItemAxeBase.java" md5: a792ca4d4e6dac7e3686b92dead08912
endProcessing "com/momo/morecows/item/tools/ItemAxeBase.java"

startProcessing "com/momo/morecows/item/tools/ItemHoeBase.java" md5: 50ccfc60652f44e69fb8a534b67f4290
endProcessing "com/momo/morecows/item/tools/ItemHoeBase.java"

startProcessing "com/momo/morecows/item/tools/ItemPickaxeBase.java" md5: 2fc65523fb224af4be627042381e92c7
endProcessing "com/momo/morecows/item/tools/ItemPickaxeBase.java"

startProcessing "com/momo/morecows/item/tools/ItemSpadeBase.java" md5: 6935ef13ab8de4f5e5279cfe78bec643
endProcessing "com/momo/morecows/item/tools/ItemSpadeBase.java"

startProcessing "com/momo/morecows/item/weapon/ItemEtherealSword.java" md5: ff906290485b53cd24ea11872853c99a
endProcessing "com/momo/morecows/item/weapon/ItemEtherealSword.java"

startProcessing "com/momo/morecows/item/weapon/ItemHealingGun.java" md5: 9ef1944b79481f4effd91fb8fe27e160
endProcessing "com/momo/morecows/item/weapon/ItemHealingGun.java"

startProcessing "com/momo/morecows/item/weapon/ItemMilkBall.java" md5: c26f26f6e310f9e3ab13ee03b54eeed2
endProcessing "com/momo/morecows/item/weapon/ItemMilkBall.java"

startProcessing "com/momo/morecows/item/weapon/ItemPistolBase.java" md5: 3b9ca7cac49b15232b5db9194ac7c1a3
endProcessing "com/momo/morecows/item/weapon/ItemPistolBase.java"

startProcessing "com/momo/morecows/item/weapon/ItemSmashShield.java" md5: 401d32f25a2ecaf3e57874740a1a8a78
endProcessing "com/momo/morecows/item/weapon/ItemSmashShield.java"

startProcessing "com/momo/morecows/item/weapon/ItemSwordBase.java" md5: d08300a6fafb69b5024d2f6a1b56fab4
endProcessing "com/momo/morecows/item/weapon/ItemSwordBase.java"

startProcessing "com/momo/morecows/keys/KeyboardManager.java" md5: 469fb70a25da7c1fa1ffa3eeec8abe56
endProcessing "com/momo/morecows/keys/KeyboardManager.java"

startProcessing "com/momo/morecows/keys/ModKeyBinding.java" md5: b67f30e6f3626fd2d11b4c3204828f29
endProcessing "com/momo/morecows/keys/ModKeyBinding.java"

startProcessing "com/momo/morecows/meta/MetaUtil.java" md5: 33783a20949d37f673fb4028ec568e37
endProcessing "com/momo/morecows/meta/MetaUtil.java"

startProcessing "com/momo/morecows/network/GuiHandler.java" md5: cfcb08d3b843c2936f4f735cc9c50767
endProcessing "com/momo/morecows/network/GuiHandler.java"

startProcessing "com/momo/morecows/network/MilkWorkshop/ContainerMilkWorkshop.java" md5: 56e458d36035f37a560fc172ee5e8b55
endProcessing "com/momo/morecows/network/MilkWorkshop/ContainerMilkWorkshop.java"

startProcessing "com/momo/morecows/network/MilkWorkshop/GuiMilkWorkshop.java" md5: b87873fb7a093c0a5dbec6b9890bedc8
endProcessing "com/momo/morecows/network/MilkWorkshop/GuiMilkWorkshop.java"

startProcessing "com/momo/morecows/network/MilkWorkshop/SlotMilkWorkMilkIn.java" md5: abadd69f44d82deedbfa5c365a624532
endProcessing "com/momo/morecows/network/MilkWorkshop/SlotMilkWorkMilkIn.java"

startProcessing "com/momo/morecows/network/MilkWorkshop/SlotMilkWorkOut.java" md5: 3b4c3bc794c88340107aa1c54e6f18c8
endProcessing "com/momo/morecows/network/MilkWorkshop/SlotMilkWorkOut.java"

startProcessing "com/momo/morecows/network/NetworkHandler.java" md5: 626cec3378dba840a307c2dcfd93a9d9
endProcessing "com/momo/morecows/network/NetworkHandler.java"

startProcessing "com/momo/morecows/network/protocols/PacketTest.java" md5: 1e3663e8d71b3e716e7b53d55457bd8b
endProcessing "com/momo/morecows/network/protocols/PacketTest.java"

startProcessing "com/momo/morecows/potion/InstantPotion.java" md5: 06483192777318a1ffeff428fa5e586a
endProcessing "com/momo/morecows/potion/InstantPotion.java"

startProcessing "com/momo/morecows/potion/ModPotion.java" md5: 78110927e424861493cee7511ad7581e
endProcessing "com/momo/morecows/potion/ModPotion.java"

startProcessing "com/momo/morecows/potion/PotionBase.java" md5: 3ca32e31812d64253f745d3928662f99
endProcessing "com/momo/morecows/potion/PotionBase.java"

startProcessing "com/momo/morecows/proxy/ClientProxy.java" md5: 90c241669f7515d028724578ef90b914
endProcessing "com/momo/morecows/proxy/ClientProxy.java"

startProcessing "com/momo/morecows/proxy/ProxyBase.java" md5: 7b24566f55b2eca0865513a2528f8c85
endProcessing "com/momo/morecows/proxy/ProxyBase.java"

startProcessing "com/momo/morecows/proxy/ServerProxy.java" md5: 537e2733c9cf76eee6d5b4a0a3d8907d
endProcessing "com/momo/morecows/proxy/ServerProxy.java"

startProcessing "com/momo/morecows/recipe/CheckRecipe.java" md5: f3841f100e1f46f055d8cdc707a5ae62
endProcessing "com/momo/morecows/recipe/CheckRecipe.java"

startProcessing "com/momo/morecows/recipe/MilkWorkshop.java" md5: f9837ab730f73843a014e20ae24ae5d8
endProcessing "com/momo/morecows/recipe/MilkWorkshop.java"

startProcessing "com/momo/morecows/recipe/special/BasicGua8.java" md5: 28288966205a72f6507b1f16c625c7c3
endProcessing "com/momo/morecows/recipe/special/BasicGua8.java"

startProcessing "com/momo/morecows/recipe/special/GobletDigBlockAssign.java" md5: c72a7ddc15c18dc0d01dd91baac6e54f
endProcessing "com/momo/morecows/recipe/special/GobletDigBlockAssign.java"

startProcessing "com/momo/morecows/recipe/special/GobletFill.java" md5: 01e56811066f9cbf2d11ef39e6b80a4c
endProcessing "com/momo/morecows/recipe/special/GobletFill.java"

startProcessing "com/momo/morecows/recipe/special/GuaEnhanceByCrafting.java" md5: f33e5f02e3d2491c05c9f098205005cb
endProcessing "com/momo/morecows/recipe/special/GuaEnhanceByCrafting.java"

startProcessing "com/momo/morecows/recipe/special/SkillUpgrade.java" md5: b611cf994d91a17b3bfedc6d71b713dc
endProcessing "com/momo/morecows/recipe/special/SkillUpgrade.java"

startProcessing "com/momo/morecows/util/AchvDef.java" md5: 91773f0f02a2013a1debe381d556a7d5
endProcessing "com/momo/morecows/util/AchvDef.java"

startProcessing "com/momo/morecows/util/CommonDef.java" md5: 5c98aee88f19e948bdacde92d8e2cab8
endProcessing "com/momo/morecows/util/CommonDef.java"

startProcessing "com/momo/morecows/util/CommonFunctions.java" md5: ced45d7162a00b24c1a9eefa3c36e0e4
endProcessing "com/momo/morecows/util/CommonFunctions.java"

startProcessing "com/momo/morecows/util/EntityUtil.java" md5: f93dc3eea95df14de3372b91c5a92df5
endProcessing "com/momo/morecows/util/EntityUtil.java"

startProcessing "com/momo/morecows/util/IDLGeneral.java" md5: 74433d511a20f14d3619e0a3408afc40
endProcessing "com/momo/morecows/util/IDLGeneral.java"

startProcessing "com/momo/morecows/util/IDLNBT.java" md5: 32f50dff8a936034c8274978bfdfb4ba
endProcessing "com/momo/morecows/util/IDLNBT.java"

startProcessing "com/momo/morecows/util/IDLSkillNBT.java" md5: 9ea55795c64d587a71f135561c538600
endProcessing "com/momo/morecows/util/IDLSkillNBT.java"

startProcessing "com/momo/morecows/util/IHasModel.java" md5: f09753da4eb04a4ad246cb2d6510d24f
endProcessing "com/momo/morecows/util/IHasModel.java"

startProcessing "com/momo/morecows/util/ItemStackUtil.java" md5: a1a977cee5aea546291d894335ae0832
endProcessing "com/momo/morecows/util/ItemStackUtil.java"

startProcessing "com/momo/morecows/util/MessageDef.java" md5: 1fe4e7e7336c1ff645f64307960be7e6
endProcessing "com/momo/morecows/util/MessageDef.java"

startProcessing "com/momo/morecows/util/ModSoundHandler.java" md5: eaa1ce14bcbf477521f5284fc8ffc08b
endProcessing "com/momo/morecows/util/ModSoundHandler.java"

startProcessing "com/momo/morecows/util/NBTStrDef/IDLNBTDef.java" md5: 18dfd86917ff771c7c030ca359ec1bfc
endProcessing "com/momo/morecows/util/NBTStrDef/IDLNBTDef.java"

startProcessing "com/momo/morecows/util/NBTStrDef/IDLNBTUtil.java" md5: a36741ce4e1d7675c780b366290a7a11
endProcessing "com/momo/morecows/util/NBTStrDef/IDLNBTUtil.java"

startProcessing "com/momo/morecows/util/PlayerUtil.java" md5: cd12375dca6842936b687c103d54d537
endProcessing "com/momo/morecows/util/PlayerUtil.java"

startProcessing "com/momo/morecows/util/Reference.java" md5: ea847cbbb60cbffada3e885560de869d
endProcessing "com/momo/morecows/util/Reference.java"

startProcessing "com/momo/morecows/util/StringUtil.java" md5: 3dc5fa792e15ee966896e12482a49f6e
endProcessing "com/momo/morecows/util/StringUtil.java"

startProcessing "com/momo/morecows/util/Teleport.java" md5: d167b8b0039e512fb5cac5919fd9fee7
endProcessing "com/momo/morecows/util/Teleport.java"

startProcessing "com/momo/morecows/util/recipes/RecipesManager.java" md5: 09342118192d5c7f83bf776f139e17c1
endProcessing "com/momo/morecows/util/recipes/RecipesManager.java"

startProcessing "com/momo/morecows/util/sound/ModSoundEvent.java" md5: f5cc4ff594f6bd6d3d4547821bff6905
endProcessing "com/momo/morecows/util/sound/ModSoundEvent.java"

startProcessing "com/momo/morecows/world/biome/BiomeForDimOne.java" md5: 615d56ba5497bc13218346a0bec3bca2
endProcessing "com/momo/morecows/world/biome/BiomeForDimOne.java"

startProcessing "com/momo/morecows/world/biome/BiomeOne.java" md5: 8fc6682efd563b2351160675bbbe5a9f
endProcessing "com/momo/morecows/world/biome/BiomeOne.java"

startProcessing "com/momo/morecows/world/dimension/DimensionOne.java" md5: 0aaf249def4c8a593a7088122b0c73e9
endProcessing "com/momo/morecows/world/dimension/DimensionOne.java"

startProcessing "com/momo/morecows/world/dimension/hexcube/ChunkGeneratorHexCube16.java" md5: 3b2d1a03f36f4c0cabc4805752f62206
endProcessing "com/momo/morecows/world/dimension/hexcube/ChunkGeneratorHexCube16.java"

startProcessing "com/momo/morecows/world/dimension/hexcube/HexCubeHelper.java" md5: 944753e675960d7b182d743d5cf218cf
endProcessing "com/momo/morecows/world/dimension/hexcube/HexCubeHelper.java"

startProcessing "com/momo/morecows/world/dimension/hexcube/structure/GenCubeBase.java" md5: 297d74d4d02d500c08c1e61de7b7fe85
endProcessing "com/momo/morecows/world/dimension/hexcube/structure/GenCubeBase.java"

startProcessing "com/momo/morecows/world/dimension/hexcube/structure/GenCubeSoilRoom.java" md5: 530eef6001c33b67c9dc34940e42be81
endProcessing "com/momo/morecows/world/dimension/hexcube/structure/GenCubeSoilRoom.java"

startProcessing "com/momo/morecows/world/dimension/hexcube/structure/GenCubeTorchRoom.java" md5: 3ccfd6a3c33b1bf92d53495ef5dd8220
endProcessing "com/momo/morecows/world/dimension/hexcube/structure/GenCubeTorchRoom.java"

startProcessing "com/momo/morecows/world/dimension/hexcube/structure/GenCubeTreasure.java" md5: fb00f8425fd4727737839526ea09f3ef
endProcessing "com/momo/morecows/world/dimension/hexcube/structure/GenCubeTreasure.java"

startProcessing "com/momo/morecows/world/dimension/hexcube/structure/GenCubeWoodRoom.java" md5: 028c2029980b65c80666abdb0e0ce990
endProcessing "com/momo/morecows/world/dimension/hexcube/structure/GenCubeWoodRoom.java"

startProcessing "com/momo/morecows/world/structure/ModGenStructure.java" md5: 7b65326385d794ff271742b4e6f118a3
endProcessing "com/momo/morecows/world/structure/ModGenStructure.java"

startProcessing "com/momo/morecows/world/structure/TestStructurePieces.java" md5: bd8f9d834dccb2d2a47cf5c5d7932b37
endProcessing "com/momo/morecows/world/structure/TestStructurePieces.java"

startProcessing "com/momo/morecows/world/tree/WorldGenTestTree.java" md5: ca2984cf16de1ade116be20b3d50f7a2
endProcessing "com/momo/morecows/world/tree/WorldGenTestTree.java"

startProcessing "com/momo/morecows/world/types/WorldTypeCustom.java" md5: e813ef123a00d08b20675cf2187b3957
endProcessing "com/momo/morecows/world/types/WorldTypeCustom.java"

startProcessing "com/momo/morecows/world/types/WorldTypeOne.java" md5: 06f11b999fad1a44941ad7a4f59937bc
endProcessing "com/momo/morecows/world/types/WorldTypeOne.java"

startProcessing "com/momo/morecows/world/types/layer/GenLayerCustom.java" md5: 0a41d63484b3367fa66566ecb3754e16
endProcessing "com/momo/morecows/world/types/layer/GenLayerCustom.java"

startProcessing "com/momo/morecows/worldgen/ModWorldGenNew.java" md5: 1132b248d6c0ea8cef84f564fc6c5ffc
endProcessing "com/momo/morecows/worldgen/ModWorldGenNew.java"

startProcessing "com/momo/morecows/worldgen/ModWorldGenOld.java" md5: 8bcf09ac2fc17e40a3c0333f60616c3a
endProcessing "com/momo/morecows/worldgen/ModWorldGenOld.java"

