#
# A fatal error has been detected by the Java Runtime Environment:
#
#  EXCEPTION_ACCESS_VIOLATION (0xc0000005) at pc=0x000001c28a131066, pid=12468, tid=0x0000000000002fc4
#
# JRE version: Java(TM) SE Runtime Environment (8.0_291-b10) (build 1.8.0_291-b10)
# Java VM: Java HotSpot(TM) 64-Bit Server VM (25.291-b10 mixed mode windows-amd64 compressed oops)
# Problematic frame:
# C  [OpenAL64.dll+0x11066]
#
# Failed to write core dump. Minidumps are not enabled by default on client versions of Windows
#
# If you would like to submit a bug report, please visit:
#   http://bugreport.java.com/bugreport/crash.jsp
# The crash happened outside the Java Virtual Machine in native code.
# See problematic frame for where to report the bug.
#

---------------  T H R E A D  ---------------

Current thread (0x000001c2fc9b4000):  JavaThread "Thread-5" [_thread_in_native, id=12228, stack(0x000000b1b9900000,0x000000b1b9a00000)]

siginfo: ExceptionCode=0xc0000005, reading address 0x000001c2fbab6004

Registers:
RAX=0x0000000000000004, RBX=0x000001c28a210090, RCX=0x000001c2fbab6008, RDX=0x000001c2fbab6004
RSP=0x000000b1b99fee70, RBP=0x00000000000000ff, RSI=0x000001c2fbab5cec, RDI=0x0000000000000000
R8 =0x00000000000000c6, R9 =0x000001c2fbab5cec, R10=0x000001c2e46d9f22, R11=0x00000000761d9de0
R12=0x0000000000000001, R13=0x000001c289f796f8, R14=0x000000b1b99ff008, R15=0x000001c2fc9b4000
RIP=0x000001c28a131066, EFLAGS=0x0000000000010202

Top of Stack: (sp=0x000000b1b99fee70)
0x000000b1b99fee70:   fffffffe00000000 000001c2fc9b4000
0x000000b1b99fee80:   000001c289f796f8 0000000000000000
0x000000b1b99fee90:   000001c289f796f8 0000000000000000
0x000000b1b99feea0:   000001c2fc9b4000 000000b1b99ff008
0x000000b1b99feeb0:   000000b1b99fefd0 0000000076072dcb
0x000000b1b99feec0:   000000b1b99feef0 0000000000000013
0x000000b1b99feed0:   000001c2fa44c140 000001c2fa267170
0x000000b1b99feee0:   000001c2fc9b4000 000000b1b99ff008
0x000000b1b99feef0:   000001c289f796f8 0000000000000000
0x000000b1b99fef00:   000001c2fbab5cec 0000000082400a30
0x000000b1b99fef10:   000000b1b99fefd0 000001c28a13248f
0x000000b1b99fef20:   000001c28a210090 000001c28a210090
0x000000b1b99fef30:   000001c20000ac44 000001c200000004
0x000000b1b99fef40:   0000000000000010 000001c2e46d9f4e
0x000000b1b99fef50:   000001c289f796f8 000001c2e46d9c45
0x000000b1b99fef60:   000001c289f796f8 000000b1b99fefd0 

Instructions: (pc=0x000001c28a131066)
0x000001c28a131046:   41 2b ec 81 3a 03 00 02 00 75 09 8b 01 89 84 24
0x000001c28a131056:   c8 00 00 00 49 83 c0 02 48 83 c1 08 4a 8d 14 86
0x000001c28a131066:   39 3a 75 af 4c 8d 84 24 c0 00 00 00 48 8d 15 d7
0x000001c28a131076:   2b 03 00 33 c9 e8 58 5f 00 00 b8 40 1f 00 00 4c 


Register to memory mapping:

RAX=0x0000000000000004 is an unknown value
RBX=0x000001c28a210090 is an unknown value
RCX=0x000001c2fbab6008 is an unknown value
RDX=0x000001c2fbab6004 is an unknown value
RSP=0x000000b1b99fee70 is pointing into the stack for thread: 0x000001c2fc9b4000
RBP=0x00000000000000ff is an unknown value
RSI=0x000001c2fbab5cec is an unknown value
RDI=0x0000000000000000 is an unknown value
R8 =0x00000000000000c6 is an unknown value
R9 =0x000001c2fbab5cec is an unknown value
R10=0x000001c2e46d9f22 is at code_begin+962 in an Interpreter codelet
method entry point (kind = native)  [0x000001c2e46d9b60, 0x000001c2e46da600]  2720 bytes
R11=0x00000000761d9de0 is an unknown value
R12=0x0000000000000001 is an unknown value
R13={method} {0x000001c289f79700} 'nalcCreateContext' '(JJ)J' in 'org/lwjgl/openal/ALC10'
R14=0x000000b1b99ff008 is pointing into the stack for thread: 0x000001c2fc9b4000
R15=0x000001c2fc9b4000 is a thread


Stack: [0x000000b1b9900000,0x000000b1b9a00000],  sp=0x000000b1b99fee70,  free space=1019k
Native frames: (J=compiled Java code, j=interpreted, Vv=VM code, C=native code)
C  [OpenAL64.dll+0x11066]
C  [OpenAL64.dll+0x1248f]
C  0x000001c2e46d9f4e

Java frames: (J=compiled Java code, j=interpreted, Vv=VM code)
j  org.lwjgl.openal.ALC10.nalcCreateContext(JJ)J+0
j  org.lwjgl.openal.ALC10.alcCreateContext(Lorg/lwjgl/openal/ALCdevice;Ljava/nio/IntBuffer;)Lorg/lwjgl/openal/ALCcontext;+8
j  org.lwjgl.openal.AL.init(Ljava/lang/String;IIZZ)V+69
j  org.lwjgl.openal.AL.create(Ljava/lang/String;IIZZ)V+246
j  org.lwjgl.openal.AL.create(Ljava/lang/String;IIZ)V+5
j  org.lwjgl.openal.AL.create()V+6
j  paulscode.sound.libraries.LibraryLWJGLOpenAL.init()V+2
j  paulscode.sound.SoundSystem.CommandNewLibrary(Ljava/lang/Class;)V+273
j  paulscode.sound.SoundSystem.CommandQueue(Lpaulscode/sound/CommandObject;)Z+1206
j  paulscode.sound.CommandThread.run()V+51
v  ~StubRoutines::call_stub

---------------  P R O C E S S  ---------------

Java Threads: ( => current thread )
  0x000001c2fc9b4800 JavaThread "Thread-6" [_thread_blocked, id=12416, stack(0x000000b1b9a00000,0x000000b1b9b00000)]
=>0x000001c2fc9b4000 JavaThread "Thread-5" [_thread_in_native, id=12228, stack(0x000000b1b9900000,0x000000b1b9a00000)]
  0x000001c2fc9b0000 JavaThread "Sound Library Loader" [_thread_blocked, id=6388, stack(0x000000b1b9700000,0x000000b1b9800000)]
  0x000001c2fc9b3000 JavaThread "Keep-Alive-Timer" daemon [_thread_blocked, id=7084, stack(0x000000b1b9800000,0x000000b1b9900000)]
  0x000001c2fc9b1800 JavaThread "LWJGL Timer" daemon [_thread_blocked, id=6432, stack(0x000000b1b9600000,0x000000b1b9700000)]
  0x000001c2fc9ae800 JavaThread "Thread-3" [_thread_in_native, id=15836, stack(0x000000b1b9500000,0x000000b1b9600000)]
  0x000001c2fc9ae000 JavaThread "Java2D Disposer" daemon [_thread_blocked, id=13716, stack(0x000000b1b8f00000,0x000000b1b9000000)]
  0x000001c2fc9af800 JavaThread "Timer hack thread" daemon [_thread_blocked, id=10432, stack(0x000000b1b8e00000,0x000000b1b8f00000)]
  0x000001c2fd25b800 JavaThread "Snooper Timer" daemon [_thread_blocked, id=10976, stack(0x000000b1b8d00000,0x000000b1b8e00000)]
  0x000001c2fa2ec000 JavaThread "Service Thread" daemon [_thread_blocked, id=13196, stack(0x000000b1b8b00000,0x000000b1b8c00000)]
  0x000001c2fa255000 JavaThread "C1 CompilerThread2" daemon [_thread_blocked, id=16724, stack(0x000000b1b8a00000,0x000000b1b8b00000)]
  0x000001c2fa1fa000 JavaThread "C2 CompilerThread1" daemon [_thread_in_native, id=12040, stack(0x000000b1b8900000,0x000000b1b8a00000)]
  0x000001c2fa1fd000 JavaThread "C2 CompilerThread0" daemon [_thread_in_native, id=11076, stack(0x000000b1b8800000,0x000000b1b8900000)]
  0x000001c2fa1f4000 JavaThread "Monitor Ctrl-Break" daemon [_thread_in_native, id=9568, stack(0x000000b1b8700000,0x000000b1b8800000)]
  0x000001c2f8e70800 JavaThread "Attach Listener" daemon [_thread_blocked, id=13764, stack(0x000000b1b8600000,0x000000b1b8700000)]
  0x000001c2f8e1b800 JavaThread "Signal Dispatcher" daemon [_thread_blocked, id=14472, stack(0x000000b1b8500000,0x000000b1b8600000)]
  0x000001c2f8dee000 JavaThread "Finalizer" daemon [_thread_blocked, id=2540, stack(0x000000b1b8400000,0x000000b1b8500000)]
  0x000001c2f8de4800 JavaThread "Reference Handler" daemon [_thread_blocked, id=15340, stack(0x000000b1b8300000,0x000000b1b8400000)]
  0x000001c2e2e6f800 JavaThread "Client thread" [_thread_in_native, id=15492, stack(0x000000b1b7d00000,0x000000b1b7e00000)]

Other Threads:
  0x000001c2f8db9800 VMThread [stack: 0x000000b1b8200000,0x000000b1b8300000] [id=5028]
  0x000001c2fa334800 WatcherThread [stack: 0x000000b1b8c00000,0x000000b1b8d00000] [id=14584]

VM state:not at safepoint (normal execution)

VM Mutex/Monitor currently owned by a thread: None

heap address: 0x0000000082400000, size: 2012 MB, Compressed Oops mode: 32-bit
Narrow klass base: 0x0000000000000000, Narrow klass shift: 3
Compressed class space size: 1073741824 Address: 0x0000000100000000

Heap:
 PSYoungGen      total 347648K, used 208225K [0x00000000d6180000, 0x00000000ef100000, 0x0000000100000000)
  eden space 312832K, 61% used [0x00000000d6180000,0x00000000e1d55d30,0x00000000e9300000)
  from space 34816K, 45% used [0x00000000e9300000,0x00000000ea282978,0x00000000eb500000)
  to   space 33792K, 0% used [0x00000000ed000000,0x00000000ed000000,0x00000000ef100000)
 ParOldGen       total 194048K, used 105120K [0x0000000082400000, 0x000000008e180000, 0x00000000d6180000)
  object space 194048K, 54% used [0x0000000082400000,0x0000000088aa8218,0x000000008e180000)
 Metaspace       used 47011K, capacity 47605K, committed 48172K, reserved 1091584K
  class space    used 6220K, capacity 6409K, committed 6444K, reserved 1048576K

Card table byte_map: [0x000001c2f3a80000,0x000001c2f3e70000] byte_map_base: 0x000001c2f366e000

Marking Bits: (ParMarkBitMap*) 0x0000000076797fe0
 Begin Bits: [0x000001c2f4110000, 0x000001c2f6080000)
 End Bits:   [0x000001c2f6080000, 0x000001c2f7ff0000)

Polling page: 0x000001c2e2dc0000

CodeCache: size=245760Kb used=14897Kb max_used=15435Kb free=230862Kb
 bounds [0x000001c2e46c0000, 0x000001c2e55f0000, 0x000001c2f36c0000]
 total_blobs=5225 nmethods=4472 adapters=663
 compilation: enabled

Compilation events (10 events):
Event: 30.295 Thread 0x000001c2fa255000 5811       1       com.google.gson.internal.LazilyParsedNumber::toString (5 bytes)
Event: 30.295 Thread 0x000001c2fa255000 nmethod 5811 0x000001c2e53f2cd0 code [0x000001c2e53f2e20, 0x000001c2e53f2f38]
Event: 30.299 Thread 0x000001c2fa255000 5815       3       net.minecraft.client.renderer.block.statemap.StateMapperBase::getPropertyName (8 bytes)
Event: 30.299 Thread 0x000001c2fa255000 nmethod 5815 0x000001c2e5243110 code [0x000001c2e5243280, 0x000001c2e52434b0]
Event: 30.299 Thread 0x000001c2fa255000 5816       3       java.util.LinkedHashMap::<init> (16 bytes)
Event: 30.300 Thread 0x000001c2fa255000 nmethod 5816 0x000001c2e5242b10 code [0x000001c2e5242c80, 0x000001c2e5242fd0]
Event: 30.300 Thread 0x000001c2fa255000 5817       1       net.minecraft.block.state.BlockStateContainer$StateImplementation::getBlock (5 bytes)
Event: 30.300 Thread 0x000001c2fa255000 nmethod 5817 0x000001c2e53f2950 code [0x000001c2e53f2aa0, 0x000001c2e53f2bb8]
Event: 30.300 Thread 0x000001c2fa255000 5818       1       net.minecraft.block.state.BlockStateContainer$StateImplementation::getProperties (5 bytes)
Event: 30.300 Thread 0x000001c2fa255000 nmethod 5818 0x000001c2e5242850 code [0x000001c2e52429a0, 0x000001c2e5242ab8]

GC Heap History (10 events):
Event: 11.943 GC heap before
{Heap before GC invocations=18 (full 2):
 PSYoungGen      total 217088K, used 205633K [0x00000000d6180000, 0x00000000e8600000, 0x0000000100000000)
  eden space 191488K, 100% used [0x00000000d6180000,0x00000000e1c80000,0x00000000e1c80000)
  from space 25600K, 55% used [0x00000000e1c80000,0x00000000e2a50608,0x00000000e3580000)
  to   space 25600K, 0% used [0x00000000e6d00000,0x00000000e6d00000,0x00000000e8600000)
 ParOldGen       total 104960K, used 48247K [0x0000000082400000, 0x0000000088a80000, 0x00000000d6180000)
  object space 104960K, 45% used [0x0000000082400000,0x000000008531dfc8,0x0000000088a80000)
 Metaspace       used 29686K, capacity 30076K, committed 30380K, reserved 1075200K
  class space    used 4062K, capacity 4194K, committed 4268K, reserved 1048576K
Event: 11.969 GC heap after
Heap after GC invocations=18 (full 2):
 PSYoungGen      total 274944K, used 8016K [0x00000000d6180000, 0x00000000e9080000, 0x0000000100000000)
  eden space 249344K, 0% used [0x00000000d6180000,0x00000000d6180000,0x00000000e5500000)
  from space 25600K, 31% used [0x00000000e6d00000,0x00000000e74d4120,0x00000000e8600000)
  to   space 24576K, 0% used [0x00000000e5500000,0x00000000e5500000,0x00000000e6d00000)
 ParOldGen       total 104960K, used 60781K [0x0000000082400000, 0x0000000088a80000, 0x00000000d6180000)
  object space 104960K, 57% used [0x0000000082400000,0x0000000085f5b4b8,0x0000000088a80000)
 Metaspace       used 29686K, capacity 30076K, committed 30380K, reserved 1075200K
  class space    used 4062K, capacity 4194K, committed 4268K, reserved 1048576K
}
Event: 15.649 GC heap before
{Heap before GC invocations=19 (full 2):
 PSYoungGen      total 274944K, used 257360K [0x00000000d6180000, 0x00000000e9080000, 0x0000000100000000)
  eden space 249344K, 100% used [0x00000000d6180000,0x00000000e5500000,0x00000000e5500000)
  from space 25600K, 31% used [0x00000000e6d00000,0x00000000e74d4120,0x00000000e8600000)
  to   space 24576K, 0% used [0x00000000e5500000,0x00000000e5500000,0x00000000e6d00000)
 ParOldGen       total 104960K, used 60781K [0x0000000082400000, 0x0000000088a80000, 0x00000000d6180000)
  object space 104960K, 57% used [0x0000000082400000,0x0000000085f5b4b8,0x0000000088a80000)
 Metaspace       used 35511K, capacity 35983K, committed 36396K, reserved 1081344K
  class space    used 4753K, capacity 4896K, committed 4908K, reserved 1048576K
Event: 15.684 GC heap after
Heap after GC invocations=19 (full 2):
 PSYoungGen      total 273920K, used 14842K [0x00000000d6180000, 0x00000000ed700000, 0x0000000100000000)
  eden space 249344K, 0% used [0x00000000d6180000,0x00000000d6180000,0x00000000e5500000)
  from space 24576K, 60% used [0x00000000e5500000,0x00000000e637eba0,0x00000000e6d00000)
  to   space 24576K, 0% used [0x00000000ebf00000,0x00000000ebf00000,0x00000000ed700000)
 ParOldGen       total 104960K, used 65859K [0x0000000082400000, 0x0000000088a80000, 0x00000000d6180000)
  object space 104960K, 62% used [0x0000000082400000,0x0000000086450c28,0x0000000088a80000)
 Metaspace       used 35511K, capacity 35983K, committed 36396K, reserved 1081344K
  class space    used 4753K, capacity 4896K, committed 4908K, reserved 1048576K
}
Event: 20.026 GC heap before
{Heap before GC invocations=20 (full 2):
 PSYoungGen      total 273920K, used 243934K [0x00000000d6180000, 0x00000000ed700000, 0x0000000100000000)
  eden space 249344K, 91% used [0x00000000d6180000,0x00000000e4138e60,0x00000000e5500000)
  from space 24576K, 60% used [0x00000000e5500000,0x00000000e637eba0,0x00000000e6d00000)
  to   space 24576K, 0% used [0x00000000ebf00000,0x00000000ebf00000,0x00000000ed700000)
 ParOldGen       total 104960K, used 65859K [0x0000000082400000, 0x0000000088a80000, 0x00000000d6180000)
  object space 104960K, 62% used [0x0000000082400000,0x0000000086450c28,0x0000000088a80000)
 Metaspace       used 37237K, capacity 37741K, committed 38048K, reserved 1083392K
  class space    used 4976K, capacity 5143K, committed 5164K, reserved 1048576K
Event: 20.061 GC heap after
Heap after GC invocations=20 (full 2):
 PSYoungGen      total 325120K, used 24575K [0x00000000d6180000, 0x00000000ed700000, 0x0000000100000000)
  eden space 300544K, 0% used [0x00000000d6180000,0x00000000d6180000,0x00000000e8700000)
  from space 24576K, 99% used [0x00000000ebf00000,0x00000000ed6fffe0,0x00000000ed700000)
  to   space 34816K, 0% used [0x00000000e9300000,0x00000000e9300000,0x00000000eb500000)
 ParOldGen       total 104960K, used 83142K [0x0000000082400000, 0x0000000088a80000, 0x00000000d6180000)
  object space 104960K, 79% used [0x0000000082400000,0x0000000087531ad0,0x0000000088a80000)
 Metaspace       used 37237K, capacity 37741K, committed 38048K, reserved 1083392K
  class space    used 4976K, capacity 5143K, committed 5164K, reserved 1048576K
}
Event: 20.061 GC heap before
{Heap before GC invocations=21 (full 3):
 PSYoungGen      total 325120K, used 24575K [0x00000000d6180000, 0x00000000ed700000, 0x0000000100000000)
  eden space 300544K, 0% used [0x00000000d6180000,0x00000000d6180000,0x00000000e8700000)
  from space 24576K, 99% used [0x00000000ebf00000,0x00000000ed6fffe0,0x00000000ed700000)
  to   space 34816K, 0% used [0x00000000e9300000,0x00000000e9300000,0x00000000eb500000)
 ParOldGen       total 104960K, used 83142K [0x0000000082400000, 0x0000000088a80000, 0x00000000d6180000)
  object space 104960K, 79% used [0x0000000082400000,0x0000000087531ad0,0x0000000088a80000)
 Metaspace       used 37237K, capacity 37741K, committed 38048K, reserved 1083392K
  class space    used 4976K, capacity 5143K, committed 5164K, reserved 1048576K
Event: 20.588 GC heap after
Heap after GC invocations=21 (full 3):
 PSYoungGen      total 325120K, used 492K [0x00000000d6180000, 0x00000000ed700000, 0x0000000100000000)
  eden space 300544K, 0% used [0x00000000d6180000,0x00000000d6180000,0x00000000e8700000)
  from space 24576K, 2% used [0x00000000ebf00000,0x00000000ebf7b320,0x00000000ed700000)
  to   space 34816K, 0% used [0x00000000e9300000,0x00000000e9300000,0x00000000eb500000)
 ParOldGen       total 194048K, used 104572K [0x0000000082400000, 0x000000008e180000, 0x00000000d6180000)
  object space 194048K, 53% used [0x0000000082400000,0x0000000088a1f2f0,0x000000008e180000)
 Metaspace       used 37237K, capacity 37741K, committed 38048K, reserved 1083392K
  class space    used 4976K, capacity 5143K, committed 5164K, reserved 1048576K
}
Event: 25.133 GC heap before
{Heap before GC invocations=22 (full 3):
 PSYoungGen      total 325120K, used 301036K [0x00000000d6180000, 0x00000000ed700000, 0x0000000100000000)
  eden space 300544K, 100% used [0x00000000d6180000,0x00000000e8700000,0x00000000e8700000)
  from space 24576K, 2% used [0x00000000ebf00000,0x00000000ebf7b320,0x00000000ed700000)
  to   space 34816K, 0% used [0x00000000e9300000,0x00000000e9300000,0x00000000eb500000)
 ParOldGen       total 194048K, used 104572K [0x0000000082400000, 0x000000008e180000, 0x00000000d6180000)
  object space 194048K, 53% used [0x0000000082400000,0x0000000088a1f2f0,0x000000008e180000)
 Metaspace       used 44999K, capacity 45667K, committed 46124K, reserved 1089536K
  class space    used 5994K, capacity 6174K, committed 6188K, reserved 1048576K
Event: 25.157 GC heap after
Heap after GC invocations=22 (full 3):
 PSYoungGen      total 347648K, used 15882K [0x00000000d6180000, 0x00000000ef100000, 0x0000000100000000)
  eden space 312832K, 0% used [0x00000000d6180000,0x00000000d6180000,0x00000000e9300000)
  from space 34816K, 45% used [0x00000000e9300000,0x00000000ea282978,0x00000000eb500000)
  to   space 33792K, 0% used [0x00000000ed000000,0x00000000ed000000,0x00000000ef100000)
 ParOldGen       total 194048K, used 105120K [0x0000000082400000, 0x000000008e180000, 0x00000000d6180000)
  object space 194048K, 54% used [0x0000000082400000,0x0000000088aa8218,0x000000008e180000)
 Metaspace       used 44999K, capacity 45667K, committed 46124K, reserved 1089536K
  class space    used 5994K, capacity 6174K, committed 6188K, reserved 1048576K
}

Deoptimization events (10 events):
Event: 25.799 Thread 0x000001c2fc9b0000 Uncommon trap: reason=class_check action=maybe_recompile pc=0x000001c2e55c0c9c method=sun.security.util.math.intpoly.IntegerPolynomial$MutableElement.setSum(Lsun/security/util/math/IntegerModuloP;)Lsun/security/util/math/intpoly/IntegerPolynomial$MutableE
Event: 26.178 Thread 0x000001c2fc9b0000 Uncommon trap: reason=bimorphic action=maybe_recompile pc=0x000001c2e5529adc method=java.util.HashMap.removeNode(ILjava/lang/Object;Ljava/lang/Object;ZZ)Ljava/util/HashMap$Node; @ 283
Event: 28.002 Thread 0x000001c2fc9b0000 Uncommon trap: reason=unstable_if action=reinterpret pc=0x000001c2e4bf552c method=java.nio.Buffer.<init>(IIII)V @ 66
Event: 28.653 Thread 0x000001c2fc9b0000 Uncommon trap: reason=unstable_if action=reinterpret pc=0x000001c2e484bcb0 method=java.io.BufferedInputStream.read1([BII)I @ 29
Event: 29.984 Thread 0x000001c2e2e6f800 Uncommon trap: reason=unstable_if action=reinterpret pc=0x000001c2e491bbc0 method=net.minecraft.client.resources.FileResourcePack.hasResourceName(Ljava/lang/String;)Z @ 8
Event: 29.992 Thread 0x000001c2e2e6f800 Uncommon trap: reason=unstable_if action=reinterpret pc=0x000001c2e4fa2030 method=net.minecraft.client.resources.FileResourcePack.hasResourceName(Ljava/lang/String;)Z @ 8
Event: 29.993 Thread 0x000001c2e2e6f800 Uncommon trap: reason=unstable_if action=reinterpret pc=0x000001c2e4a95edc method=net.minecraft.client.resources.FileResourcePack.hasResourceName(Ljava/lang/String;)Z @ 8
Event: 30.033 Thread 0x000001c2e2e6f800 Uncommon trap: reason=unstable_if action=reinterpret pc=0x000001c2e4a45d5c method=net.minecraft.client.renderer.GlStateManager$BooleanState.setState(Z)V @ 5
Event: 30.036 Thread 0x000001c2e2e6f800 Uncommon trap: reason=unstable_if action=reinterpret pc=0x000001c2e4d4c134 method=java.util.Formatter.parse(Ljava/lang/String;)[Ljava/util/Formatter$FormatString; @ 38
Event: 30.279 Thread 0x000001c2e2e6f800 Uncommon trap: reason=unstable_if action=reinterpret pc=0x000001c2e5510db8 method=com.google.common.collect.ImmutableMap.copyOf(Ljava/util/Map;)Lcom/google/common/collect/ImmutableMap; @ 35

Classes redefined (0 events):
No events

Internal exceptions (10 events):
Event: 30.278 Thread 0x000001c2fc9b4000 Exception <a 'org/lwjgl/LWJGLException'> (0x00000000e108fea0) thrown at [C:\jenkins\workspace\8-2-build-windows-amd64-cygwin\jdk8u291\1294\hotspot\src\share\vm\prims\jni.cpp, line 710]
Event: 30.278 Thread 0x000001c2fc9b4000 Exception <a 'org/lwjgl/LWJGLException'> (0x00000000e10904c0) thrown at [C:\jenkins\workspace\8-2-build-windows-amd64-cygwin\jdk8u291\1294\hotspot\src\share\vm\prims\jni.cpp, line 710]
Event: 30.278 Thread 0x000001c2fc9b4000 Exception <a 'org/lwjgl/LWJGLException'> (0x00000000e1090ab8) thrown at [C:\jenkins\workspace\8-2-build-windows-amd64-cygwin\jdk8u291\1294\hotspot\src\share\vm\prims\jni.cpp, line 710]
Event: 30.278 Thread 0x000001c2fc9b4000 Exception <a 'org/lwjgl/LWJGLException'> (0x00000000e1091098) thrown at [C:\jenkins\workspace\8-2-build-windows-amd64-cygwin\jdk8u291\1294\hotspot\src\share\vm\prims\jni.cpp, line 710]
Event: 30.278 Thread 0x000001c2fc9b4000 Exception <a 'org/lwjgl/LWJGLException'> (0x00000000e1091780) thrown at [C:\jenkins\workspace\8-2-build-windows-amd64-cygwin\jdk8u291\1294\hotspot\src\share\vm\prims\jni.cpp, line 710]
Event: 30.280 Thread 0x000001c2fc9b4000 Exception <a 'org/lwjgl/LWJGLException'> (0x00000000e1091d90) thrown at [C:\jenkins\workspace\8-2-build-windows-amd64-cygwin\jdk8u291\1294\hotspot\src\share\vm\prims\jni.cpp, line 710]
Event: 30.321 Thread 0x000001c2e2e6f800 NullPointerException at vtable entry 0x000001c2e47f22b0
Event: 30.321 Thread 0x000001c2e2e6f800 Exception <a 'java/lang/NullPointerException'> (0x00000000e1404ea0) thrown at [C:\jenkins\workspace\8-2-build-windows-amd64-cygwin\jdk8u291\1294\hotspot\src\share\vm\runtime\sharedRuntime.cpp, line 609]
Event: 30.324 Thread 0x000001c2e2e6f800 NullPointerException at vtable entry 0x000001c2e47f22b0
Event: 30.324 Thread 0x000001c2e2e6f800 Exception <a 'java/lang/NullPointerException'> (0x00000000e140f590) thrown at [C:\jenkins\workspace\8-2-build-windows-amd64-cygwin\jdk8u291\1294\hotspot\src\share\vm\runtime\sharedRuntime.cpp, line 609]

Events (10 events):
Event: 30.319 loading class org/lwjgl/openal/ALCdevice
Event: 30.319 loading class org/lwjgl/openal/ALCdevice done
Event: 30.321 loading class org/lwjgl/openal/ALCcontext
Event: 30.321 loading class org/lwjgl/openal/ALCcontext done
Event: 30.323 loading class org/lwjgl/openal/Util
Event: 30.323 loading class org/lwjgl/openal/Util done
Event: 30.324 loading class org/lwjgl/openal/OpenALException
Event: 30.324 loading class org/lwjgl/openal/OpenALException done
Event: 30.325 loading class net/minecraftforge/client/model/ModelLoader$VanillaModelWrapper
Event: 30.325 loading class net/minecraftforge/client/model/ModelLoader$VanillaModelWrapper done


Dynamic libraries:
0x00007ff6fd820000 - 0x00007ff6fd867000 	C:\Program Files\Java\jdk1.8.0_291\bin\java.exe
0x00007ffe19190000 - 0x00007ffe19385000 	C:\WINDOWS\SYSTEM32\ntdll.dll
0x00007ffe171f0000 - 0x00007ffe172ad000 	C:\WINDOWS\System32\KERNEL32.DLL
0x00007ffe168c0000 - 0x00007ffe16b89000 	C:\WINDOWS\System32\KERNELBASE.dll
0x00007ffe17940000 - 0x00007ffe179ec000 	C:\WINDOWS\System32\ADVAPI32.dll
0x00007ffe18320000 - 0x00007ffe183be000 	C:\WINDOWS\System32\msvcrt.dll
0x00007ffe190b0000 - 0x00007ffe1914b000 	C:\WINDOWS\System32\sechost.dll
0x00007ffe18a30000 - 0x00007ffe18b5a000 	C:\WINDOWS\System32\RPCRT4.dll
0x00007ffe18880000 - 0x00007ffe18a20000 	C:\WINDOWS\System32\USER32.dll
0x00007ffe16ca0000 - 0x00007ffe16cc2000 	C:\WINDOWS\System32\win32u.dll
0x00007ffe18c80000 - 0x00007ffe18caa000 	C:\WINDOWS\System32\GDI32.dll
0x00007ffe16b90000 - 0x00007ffe16c9b000 	C:\WINDOWS\System32\gdi32full.dll
0x00007ffe170a0000 - 0x00007ffe1713d000 	C:\WINDOWS\System32\msvcp_win.dll
0x00007ffe16ee0000 - 0x00007ffe16fe0000 	C:\WINDOWS\System32\ucrtbase.dll
0x00007ffe0bb30000 - 0x00007ffe0bdca000 	C:\WINDOWS\WinSxS\amd64_microsoft.windows.common-controls_6595b64144ccf1df_6.0.19041.1110_none_60b5254171f9507e\COMCTL32.dll
0x00007ffe182f0000 - 0x00007ffe18320000 	C:\WINDOWS\System32\IMM32.DLL
0x00007ffe0c250000 - 0x00007ffe0c265000 	C:\Program Files\Java\jdk1.8.0_291\jre\bin\vcruntime140.dll
0x00007ffdea1d0000 - 0x00007ffdea26b000 	C:\Program Files\Java\jdk1.8.0_291\jre\bin\msvcp140.dll
0x0000000075fb0000 - 0x0000000076810000 	C:\Program Files\Java\jdk1.8.0_291\jre\bin\server\jvm.dll
0x00007ffe18870000 - 0x00007ffe18878000 	C:\WINDOWS\System32\PSAPI.DLL
0x00007ffe12350000 - 0x00007ffe12377000 	C:\WINDOWS\SYSTEM32\WINMM.dll
0x00007ffe0f3b0000 - 0x00007ffe0f3ba000 	C:\WINDOWS\SYSTEM32\VERSION.dll
0x00007ffe03560000 - 0x00007ffe03569000 	C:\WINDOWS\SYSTEM32\WSOCK32.dll
0x00007ffe18780000 - 0x00007ffe187eb000 	C:\WINDOWS\System32\WS2_32.dll
0x00007ffe15150000 - 0x00007ffe15162000 	C:\WINDOWS\SYSTEM32\kernel.appcore.dll
0x00007ffe0c240000 - 0x00007ffe0c250000 	C:\Program Files\Java\jdk1.8.0_291\jre\bin\verify.dll
0x00007ffdf05c0000 - 0x00007ffdf05eb000 	C:\Program Files\Java\jdk1.8.0_291\jre\bin\java.dll
0x00007ffdf94f0000 - 0x00007ffdf9520000 	C:\Program Files\Java\jdk1.8.0_291\jre\bin\instrument.dll
0x00007ffdf0570000 - 0x00007ffdf0588000 	C:\Program Files\Java\jdk1.8.0_291\jre\bin\zip.dll
0x00007ffe17bb0000 - 0x00007ffe182ef000 	C:\WINDOWS\System32\SHELL32.dll
0x00007ffe147c0000 - 0x00007ffe14f50000 	C:\WINDOWS\SYSTEM32\windows.storage.dll
0x00007ffe183c0000 - 0x00007ffe18715000 	C:\WINDOWS\System32\combase.dll
0x00007ffe16320000 - 0x00007ffe1634c000 	C:\WINDOWS\SYSTEM32\Wldp.dll
0x00007ffe17b00000 - 0x00007ffe17bae000 	C:\WINDOWS\System32\SHCORE.dll
0x00007ffe17aa0000 - 0x00007ffe17af5000 	C:\WINDOWS\System32\shlwapi.dll
0x00007ffe16800000 - 0x00007ffe1681f000 	C:\WINDOWS\SYSTEM32\profapi.dll
0x00007ffe0de00000 - 0x00007ffe0de1a000 	D:\Tools\Ideal\IdealC-2019.4\bin\breakgen64.dll
0x00007ffdf0550000 - 0x00007ffdf056c000 	C:\Program Files\Java\jdk1.8.0_291\jre\bin\net.dll
0x00007ffe16080000 - 0x00007ffe160ea000 	C:\WINDOWS\system32\mswsock.dll
0x00007ffe0dc40000 - 0x00007ffe0dc4d000 	C:\Program Files\Java\jdk1.8.0_291\jre\bin\management.dll
0x00007ffde6de0000 - 0x00007ffde6df7000 	C:\WINDOWS\system32\napinsp.dll
0x00007ffde6a30000 - 0x00007ffde6a4b000 	C:\WINDOWS\system32\pnrpnsp.dll
0x00007ffdef2e0000 - 0x00007ffdef2f5000 	C:\WINDOWS\system32\wshbth.dll
0x00007ffe14160000 - 0x00007ffe1417d000 	C:\WINDOWS\system32\NLAapi.dll
0x00007ffe15d20000 - 0x00007ffe15d5b000 	C:\WINDOWS\SYSTEM32\IPHLPAPI.DLL
0x00007ffe15d60000 - 0x00007ffe15e2c000 	C:\WINDOWS\SYSTEM32\DNSAPI.dll
0x00007ffe18ef0000 - 0x00007ffe18ef8000 	C:\WINDOWS\System32\NSI.dll
0x00007ffde6a10000 - 0x00007ffde6a22000 	C:\WINDOWS\System32\winrnr.dll
0x00007ffe0d550000 - 0x00007ffe0d55a000 	C:\Windows\System32\rasadhlp.dll
0x00007ffe0d460000 - 0x00007ffe0d4df000 	C:\WINDOWS\System32\fwpuclnt.dll
0x00007ffe17070000 - 0x00007ffe17097000 	C:\WINDOWS\System32\bcrypt.dll
0x00007ffdf0530000 - 0x00007ffdf0543000 	C:\Program Files\Java\jdk1.8.0_291\jre\bin\nio.dll
0x00007ffe16270000 - 0x00007ffe16288000 	C:\WINDOWS\SYSTEM32\CRYPTSP.dll
0x00007ffe15990000 - 0x00007ffe159c4000 	C:\WINDOWS\system32\rsaenh.dll
0x00007ffe167c0000 - 0x00007ffe167ee000 	C:\WINDOWS\SYSTEM32\USERENV.dll
0x00007ffe16fe0000 - 0x00007ffe17063000 	C:\WINDOWS\System32\bcryptprimitives.dll
0x00007ffe16290000 - 0x00007ffe1629c000 	C:\WINDOWS\SYSTEM32\CRYPTBASE.dll
0x00007ffe120b0000 - 0x00007ffe120c7000 	C:\WINDOWS\SYSTEM32\dhcpcsvc6.DLL
0x00007ffe11d20000 - 0x00007ffe11d3d000 	C:\WINDOWS\SYSTEM32\dhcpcsvc.DLL
0x00007ffdf4eb0000 - 0x00007ffdf4ef2000 	C:\Users\Xrain\AppData\Local\Temp\jna-84762604\jna7091195451421294430.dll
0x0000000180000000 - 0x0000000180053000 	C:\Users\Xrain\.gradle\caches\minecraft\net\minecraft\natives\1.12.2\lwjgl64.dll
0x00007ffdf4a00000 - 0x00007ffdf4b25000 	C:\WINDOWS\SYSTEM32\OPENGL32.dll
0x00007ffe04420000 - 0x00007ffe0444c000 	C:\WINDOWS\SYSTEM32\GLU32.dll
0x00007ffdd9ea0000 - 0x00007ffdda035000 	C:\Program Files\Java\jdk1.8.0_291\jre\bin\awt.dll
0x00007ffe18e20000 - 0x00007ffe18eed000 	C:\WINDOWS\System32\OLEAUT32.dll
0x00007ffe14280000 - 0x00007ffe14310000 	C:\WINDOWS\SYSTEM32\apphelp.dll
0x00007ffe11440000 - 0x00007ffe114ee000 	C:\WINDOWS\SYSTEM32\mscms.dll
0x00007ffe113c0000 - 0x00007ffe113d1000 	C:\WINDOWS\SYSTEM32\ColorAdapterClient.dll
0x00007ffe179f0000 - 0x00007ffe17a99000 	C:\WINDOWS\System32\clbcatq.dll
0x00007ffe0b830000 - 0x00007ffe0b874000 	C:\Windows\System32\Windows.Internal.Graphics.Display.DisplayColorManagement.dll
0x00007ffe171a0000 - 0x00007ffe171ee000 	C:\WINDOWS\System32\cfgmgr32.dll
0x00007ffe15040000 - 0x00007ffe150de000 	C:\WINDOWS\system32\uxtheme.dll
0x00007ffe18b60000 - 0x00007ffe18c75000 	C:\WINDOWS\System32\MSCTF.dll
0x00007ffe0db30000 - 0x00007ffe0dc29000 	C:\WINDOWS\SYSTEM32\textinputframework.dll
0x00007ffe13400000 - 0x00007ffe1375e000 	C:\WINDOWS\System32\CoreUIComponents.dll
0x00007ffe13fa0000 - 0x00007ffe14092000 	C:\WINDOWS\System32\CoreMessaging.dll
0x00007ffe155c0000 - 0x00007ffe155f3000 	C:\WINDOWS\SYSTEM32\ntmarta.dll
0x00007ffe12420000 - 0x00007ffe12574000 	C:\WINDOWS\SYSTEM32\wintypes.dll
0x00007ffe104e0000 - 0x00007ffe105d9000 	C:\Windows\System32\AppXDeploymentClient.dll
0x00007ffdd06b0000 - 0x00007ffdd16b4000 	C:\WINDOWS\System32\DriverStore\FileRepository\igdlh64.inf_amd64_84db3a8a7e13dc44\ig9icd64.dll
0x00007ffe13e10000 - 0x00007ffe13e3f000 	C:\WINDOWS\SYSTEM32\dwmapi.dll
0x00007ffe151c0000 - 0x00007ffe152b4000 	C:\WINDOWS\system32\dxgi.dll
0x00007ffe0b0f0000 - 0x00007ffe0b12b000 	C:\WINDOWS\SYSTEM32\dxcore.dll
0x00007ffe0dd30000 - 0x00007ffe0dd73000 	C:\WINDOWS\SYSTEM32\icm32.dll
0x00007ffe084e0000 - 0x00007ffe08600000 	C:\WINDOWS\System32\DriverStore\FileRepository\igdlh64.inf_amd64_84db3a8a7e13dc44\igdgmm64.dll
0x00007ffe060c0000 - 0x00007ffe08420000 	C:\WINDOWS\System32\DriverStore\FileRepository\igdlh64.inf_amd64_84db3a8a7e13dc44\igc64.dll
0x00007ffe18f80000 - 0x00007ffe190aa000 	C:\WINDOWS\System32\ole32.dll
0x00007ffe15e40000 - 0x00007ffe15e8b000 	C:\WINDOWS\SYSTEM32\powrprof.dll
0x00007ffe15d00000 - 0x00007ffe15d12000 	C:\WINDOWS\SYSTEM32\UMPDC.dll
0x00007ffde02b0000 - 0x00007ffde02f2000 	C:\Users\Xrain\AppData\Local\Temp\jna-84762604\jna782948629670787221.dll
0x00007ffded360000 - 0x00007ffded384000 	C:\Program Files\Java\jdk1.8.0_291\jre\bin\sunec.dll
0x00007ffe0de30000 - 0x00007ffe0de3d000 	C:\Program Files\Java\jdk1.8.0_291\jre\bin\sunmscapi.dll
0x00007ffe16d80000 - 0x00007ffe16edf000 	C:\WINDOWS\System32\CRYPT32.dll
0x00007ffe16390000 - 0x00007ffe163b7000 	C:\WINDOWS\SYSTEM32\ncrypt.dll
0x00007ffe16350000 - 0x00007ffe1638b000 	C:\WINDOWS\SYSTEM32\NTASN1.dll
0x000001c28a120000 - 0x000001c28a184000 	C:\Users\Xrain\.gradle\caches\minecraft\net\minecraft\natives\1.12.2\OpenAL64.dll
0x00007ffe11c00000 - 0x00007ffe11c85000 	C:\WINDOWS\System32\MMDevApi.dll
0x00007ffe16660000 - 0x00007ffe16694000 	C:\WINDOWS\System32\DEVOBJ.dll
0x00007ffddffd0000 - 0x00007ffde006c000 	C:\WINDOWS\SYSTEM32\dsound.dll
0x00007ffdf9080000 - 0x00007ffdf90a6000 	C:\WINDOWS\SYSTEM32\winmmbase.dll
0x00007ffe11930000 - 0x00007ffe11ab1000 	C:\WINDOWS\SYSTEM32\AUDIOSES.DLL
0x00007ffe143d0000 - 0x00007ffe145b4000 	C:\WINDOWS\SYSTEM32\dbghelp.dll

VM Arguments:
jvm_args: -javaagent:D:\Tools\Ideal\IdealC-2019.4\lib\idea_rt.jar=65144:D:\Tools\Ideal\IdealC-2019.4\bin -Dfile.encoding=UTF-8 
java_command: GradleStart
java_class_path (initial): C:\Program Files\Java\jdk1.8.0_291\jre\lib\charsets.jar;C:\Program Files\Java\jdk1.8.0_291\jre\lib\deploy.jar;C:\Program Files\Java\jdk1.8.0_291\jre\lib\ext\access-bridge-64.jar;C:\Program Files\Java\jdk1.8.0_291\jre\lib\ext\cldrdata.jar;C:\Program Files\Java\jdk1.8.0_291\jre\lib\ext\dnsns.jar;C:\Program Files\Java\jdk1.8.0_291\jre\lib\ext\jaccess.jar;C:\Program Files\Java\jdk1.8.0_291\jre\lib\ext\jfxrt.jar;C:\Program Files\Java\jdk1.8.0_291\jre\lib\ext\localedata.jar;C:\Program Files\Java\jdk1.8.0_291\jre\lib\ext\nashorn.jar;C:\Program Files\Java\jdk1.8.0_291\jre\lib\ext\sunec.jar;C:\Program Files\Java\jdk1.8.0_291\jre\lib\ext\sunjce_provider.jar;C:\Program Files\Java\jdk1.8.0_291\jre\lib\ext\sunmscapi.jar;C:\Program Files\Java\jdk1.8.0_291\jre\lib\ext\sunpkcs11.jar;C:\Program Files\Java\jdk1.8.0_291\jre\lib\ext\zipfs.jar;C:\Program Files\Java\jdk1.8.0_291\jre\lib\javaws.jar;C:\Program Files\Java\jdk1.8.0_291\jre\lib\jce.jar;C:\Program Files\Java\jdk1.8.0_291\jre\lib\jfr.jar;C:\Program Files\Java\jdk1.8.0_291\jre\lib\jfxswt.jar;C:\Program Files\Java\jdk1.8.0_291\jre\lib\jsse.jar;C:\Program Files\Java\jdk1.8.0_291\jre\lib\management-agent.jar;C:\Program Files\Java\jdk1.8.0_291\jre\lib\plugin.jar;C:\Program Files\Java\jdk1.8.0_291\jre\lib\resources.jar;C:\Program Files\Java\jdk1.8.0_291\jre\lib\rt.jar;C:\Users\Xrain\Desktop\MoreCows\classes\production\MoreCows.main;C:\Users\Xrain\.gradle\caches\minecraft\deobfedDeps\compileDummy.jar;C:\Users\Xrain\.gradle\caches\minecraft\deobfedDeps\providedDummy.jar;C:\Users\Xrain\.gradle\caches\minecraft\net\minecraftforge\forge\1.12.2-14.23.5.2768\snapshot\20171003\forgeSrc-1.12.2-14.23.5.2768.jar;C:\Users\Xrain\.gradle\caches\modules-2\files-2.1\com.mojang\authlib\1.5.25\9834cdf236c22e84b946bba989e2f94ef5897c3c\authlib-1.5.25.jar;C:\Users\Xrain\.gradle\caches\modules-2\files-2.1\com.google.code.findbugs\jsr305\3.0.1\f7be08ec23c21485b9b5a1cf1654c2ec8c58168d\jsr305-3.0.1.jar;C:\Users\Xrain\.gradle\cach
Launcher Type: SUN_STANDARD

Environment Variables:
PATH=D:\Tools\Ideal\IdealC-2019.4\jre64\\bin;D:\Tools\Ideal\IdealC-2019.4\jre64\\bin\server;C:\Program Files (x86)\Common Files\Oracle\Java\javapath;C:\Program Files\Intel\iCLS Client\;C:\Windows\system32;C:\Windows;C:\Windows\System32\Wbem;C:\Windows\System32\WindowsPowerShell\v1.0\;C:\Program Files (x86)\NVIDIA Corporation\PhysX\Common;C:\WINDOWS\system32;C:\WINDOWS;C:\WINDOWS\System32\Wbem;C:\WINDOWS\System32\WindowsPowerShell\v1.0\;C:\WINDOWS\System32\OpenSSH\;C:\Program Files (x86)\Intel\Intel(R) Management Engine Components\DAL;C:\Program Files\Intel\Intel(R) Management Engine Components\DAL;C:\Program Files\NVIDIA Corporation\NVIDIA NvDLISR;D:\Study\Matlab\runtime\win64;D:\Study\Matlab\bin;D:\Study\Matlab\polyspace\bin;D:\Study\Matlab2018b\bin;C:\WINDOWS\system32;C:\WINDOWS;C:\WINDOWS\System32\Wbem;C:\WINDOWS\System32\WindowsPowerShell\v1.0\;C:\WINDOWS\System32\OpenSSH\;C:\Program Files (x86)\Lua\5.1;C:\Program Files (x86)\Lua\5.1\clibs;D:\Tools\Git\cmd;C:\Users\Xrain\AppData\Local\Microsoft\WindowsApps;C:\Users\Xrain\AppData\Local\GitHubDesktop\bin
USERNAME=Xrain
OS=Windows_NT
PROCESSOR_IDENTIFIER=Intel64 Family 6 Model 142 Stepping 9, GenuineIntel



---------------  S Y S T E M  ---------------

OS: Windows 10.0 , 64 bit Build 19041 (10.0.19041.1151)

CPU:total 4 (initial active 4) (2 cores per cpu, 2 threads per core) family 6 model 142 stepping 9, cmov, cx8, fxsr, mmx, sse, sse2, sse3, ssse3, sse4.1, sse4.2, popcnt, avx, avx2, aes, clmul, erms, 3dnowpref, lzcnt, ht, tsc, tscinvbit, bmi1, bmi2, adx

Memory: 4k page, physical 8236944k(2098052k free), swap 11513744k(3052024k free)

vm_info: Java HotSpot(TM) 64-Bit Server VM (25.291-b10) for windows-amd64 JRE (1.8.0_291-b10), built on Apr  9 2021 00:02:00 by "java_re" with MS VC++ 15.9 (VS2017)

time: Sat Aug 21 13:37:13 2021
timezone: 中国标准时间
elapsed time: 30.475287 seconds (0d 0h 0m 30s)

